<?xml version="1.0" encoding="UTF-8" ?>
<testsuite failures="0" time="2.976" errors="0" skipped="0" tests="73" name="TestSuite">
  <properties>
[...]
</properties>
  <testcase time="0.103" classname="org.jtalks.jcommune.plugin.questionsandanswers.QuestionSubscribersFilterTest" name="questionSubscribersFilterShouldLeaveOnlyPostAuthorInIfPostSubscribersFilters"/>
  <testcase time="0.002" classname="org.jtalks.jcommune.plugin.questionsandanswers.QuestionSubscribersFilterTest" name="questionSubscribersFilterShouldNotChangeRecepientsIfBranchSubscribersFilters"/>
  <testcase time="0" classname="org.jtalks.jcommune.plugin.questionsandanswers.QuestionSubscribersFilterTest" name="questionSubscribersFilterShouldNotChangeRecepientsIfPostFomTopicWithOtherType"/>
  <testcase time="0.001" classname="org.jtalks.jcommune.plugin.questionsandanswers.QuestionSubscribersFilterTest" name="questionSubscribersFilterShouldNotChangeRecepientsIfTopicSubscribersFilters"/>
  <testcase time="0.003" classname="org.jtalks.jcommune.plugin.questionsandanswers.controller.QuestionsAndAnswersControllerTest" name="addCommentShouldReturnFailResponseIfPostNotFound"/>
  <testcase time="0.001" classname="org.jtalks.jcommune.plugin.questionsandanswers.controller.QuestionsAndAnswersControllerTest" name="addCommentShouldReturnFailResponseIfValidationErrorOccurred"/>
  <testcase time="0.002" classname="org.jtalks.jcommune.plugin.questionsandanswers.controller.QuestionsAndAnswersControllerTest" name="canPostShouldReturnFailResponseIfLimitOfAnswersNotReached"/>
  <testcase time="0.001" classname="org.jtalks.jcommune.plugin.questionsandanswers.controller.QuestionsAndAnswersControllerTest" name="canPostShouldReturnSuccessResponseIfLimitOfAnswersNotReached"/>
  <testcase time="0.001" classname="org.jtalks.jcommune.plugin.questionsandanswers.controller.QuestionsAndAnswersControllerTest" name="canPostShouldThrowExceptionIfTopicNotFound"/>
  <testcase time="0.001" classname="org.jtalks.jcommune.plugin.questionsandanswers.controller.QuestionsAndAnswersControllerTest" name="closeQuestionShouldThrowExceptionWhenQuestionNotFound"/>
  <testcase time="0.211" classname="org.jtalks.jcommune.plugin.questionsandanswers.controller.QuestionsAndAnswersControllerTest" name="createAnswerMustReturnDraft_ifValidationFails"/>
  <testcase time="0.001" classname="org.jtalks.jcommune.plugin.questionsandanswers.controller.QuestionsAndAnswersControllerTest" name="createAnswerPageShouldThrowExceptionWhenTopicNotFound"/>
  <testcase time="0.014" classname="org.jtalks.jcommune.plugin.questionsandanswers.controller.QuestionsAndAnswersControllerTest" name="createAnswerShouldRedirectBackIfValidationFails"/>
  <testcase time="0.006" classname="org.jtalks.jcommune.plugin.questionsandanswers.controller.QuestionsAndAnswersControllerTest" name="createAnswerShouldUpdateAnswerIfValidationSuccess"/>
  <testcase time="0.013" classname="org.jtalks.jcommune.plugin.questionsandanswers.controller.QuestionsAndAnswersControllerTest" name="createQuestionShouldThrowExceptionIfBranchNotFound"/>
  <testcase time="0.031" classname="org.jtalks.jcommune.plugin.questionsandanswers.controller.QuestionsAndAnswersControllerTest" name="createQuestionSuccessTest"/>
  <testcase time="0.009" classname="org.jtalks.jcommune.plugin.questionsandanswers.controller.QuestionsAndAnswersControllerTest" name="createQuestionValidationErrorsTest"/>
  <testcase time="0.012" classname="org.jtalks.jcommune.plugin.questionsandanswers.controller.QuestionsAndAnswersControllerTest" name="deleteAnswerPageShouldRedirectToNeighborAnswer"/>
  <testcase time="0.001" classname="org.jtalks.jcommune.plugin.questionsandanswers.controller.QuestionsAndAnswersControllerTest" name="deleteAnswerPageShouldThrowExceptionWhenTopicNotFound"/>
  <testcase time="0.019" classname="org.jtalks.jcommune.plugin.questionsandanswers.controller.QuestionsAndAnswersControllerTest" name="editAnswerPageShouldRenderThePageIfAnswerIdIsCorrect"/>
  <testcase time="0.001" classname="org.jtalks.jcommune.plugin.questionsandanswers.controller.QuestionsAndAnswersControllerTest" name="editAnswerPageShouldThrowExceptionWhenAnswerNotFound"/>
  <testcase time="0.002" classname="org.jtalks.jcommune.plugin.questionsandanswers.controller.QuestionsAndAnswersControllerTest" name="editCommentShouldReturnFailResponseIfPostNotFound"/>
  <testcase time="0" classname="org.jtalks.jcommune.plugin.questionsandanswers.controller.QuestionsAndAnswersControllerTest" name="editCommentShouldReturnFailResponseIfValidationErrorOccurred"/>
  <testcase time="0" classname="org.jtalks.jcommune.plugin.questionsandanswers.controller.QuestionsAndAnswersControllerTest" name="editQuestionPageShouldThrowExceptionIfQuestionNotFound"/>
  <testcase time="0.01" classname="org.jtalks.jcommune.plugin.questionsandanswers.controller.QuestionsAndAnswersControllerTest" name="editQuestionPageSuccessTest"/>
  <testcase time="0.037" classname="org.jtalks.jcommune.plugin.questionsandanswers.controller.QuestionsAndAnswersControllerTest" name="getIconShouldSetNotFoundStatusForIncorrectIconName"/>
  <testcase time="0.002" classname="org.jtalks.jcommune.plugin.questionsandanswers.controller.QuestionsAndAnswersControllerTest" name="getIconShouldSetNotModifiedStatusIfRequestHaveIfModifiedSinceHeader"/>
  <testcase time="0.001" classname="org.jtalks.jcommune.plugin.questionsandanswers.controller.QuestionsAndAnswersControllerTest" name="openQuestionShouldThrowExceptionWhenQuestionNotFound"/>
  <testcase time="0.008" classname="org.jtalks.jcommune.plugin.questionsandanswers.controller.QuestionsAndAnswersControllerTest" name="shouldBeImpossibleToAddAnswerIfAnswersLimitReached"/>
  <testcase time="0.003" classname="org.jtalks.jcommune.plugin.questionsandanswers.controller.QuestionsAndAnswersControllerTest" name="shouldBeImpossibleToAddCommentIfCommentsLimitReached"/>
  <testcase time="0.016" classname="org.jtalks.jcommune.plugin.questionsandanswers.controller.QuestionsAndAnswersControllerTest" name="showNewQuestionPageShouldThrowExceptionIfBranchNotFound"/>
  <testcase time="0.009" classname="org.jtalks.jcommune.plugin.questionsandanswers.controller.QuestionsAndAnswersControllerTest" name="showNewQuestionPageTest"/>
  <testcase time="0.001" classname="org.jtalks.jcommune.plugin.questionsandanswers.controller.QuestionsAndAnswersControllerTest" name="showQuestionShouldThrowExceptionIfQuestionNotFound"/>
  <testcase time="0.001" classname="org.jtalks.jcommune.plugin.questionsandanswers.controller.QuestionsAndAnswersControllerTest" name="showQuestionShouldThrowExceptionIfUserRestrictedToViewTopicsInBranch"/>
  <testcase time="0.006" classname="org.jtalks.jcommune.plugin.questionsandanswers.controller.QuestionsAndAnswersControllerTest" name="showQuestionSuccessTest"/>
  <testcase time="0.002" classname="org.jtalks.jcommune.plugin.questionsandanswers.controller.QuestionsAndAnswersControllerTest" name="testAddCommentSuccess"/>
  <testcase time="0.001" classname="org.jtalks.jcommune.plugin.questionsandanswers.controller.QuestionsAndAnswersControllerTest" name="testCloseQuestionSuccess"/>
  <testcase time="0.001" classname="org.jtalks.jcommune.plugin.questionsandanswers.controller.QuestionsAndAnswersControllerTest" name="testDeleteCommentShouldReturnFailResponseIfCommentNotFound"/>
  <testcase time="0" classname="org.jtalks.jcommune.plugin.questionsandanswers.controller.QuestionsAndAnswersControllerTest" name="testDeleteCommentShouldReturnFailResponseIfPostNotFound"/>
  <testcase time="0.001" classname="org.jtalks.jcommune.plugin.questionsandanswers.controller.QuestionsAndAnswersControllerTest" name="testDeleteCommentSuccess"/>
  <testcase time="0.001" classname="org.jtalks.jcommune.plugin.questionsandanswers.controller.QuestionsAndAnswersControllerTest" name="testEditCommentSuccess"/>
  <testcase time="0.028" classname="org.jtalks.jcommune.plugin.questionsandanswers.controller.QuestionsAndAnswersControllerTest" name="testGetIcon"/>
  <testcase time="0" classname="org.jtalks.jcommune.plugin.questionsandanswers.controller.QuestionsAndAnswersControllerTest" name="testOpenQuestionSuccess"/>
  <testcase time="0.001" classname="org.jtalks.jcommune.plugin.questionsandanswers.controller.QuestionsAndAnswersControllerTest" name="updateAnswerPageShouldThrowExceptionWhenAnswerNotFound"/>
  <testcase time="0.017" classname="org.jtalks.jcommune.plugin.questionsandanswers.controller.QuestionsAndAnswersControllerTest" name="updateAnswerShouldRedirectBackIfValidationFails"/>
  <testcase time="0.001" classname="org.jtalks.jcommune.plugin.questionsandanswers.controller.QuestionsAndAnswersControllerTest" name="updateAnswerShouldUpdateAnswerIfValidationSuccess"/>
  <testcase time="0.001" classname="org.jtalks.jcommune.plugin.questionsandanswers.controller.QuestionsAndAnswersControllerTest" name="updateQuestionShouldThrowExceptionIfQuestionNotFound"/>
  <testcase time="0.003" classname="org.jtalks.jcommune.plugin.questionsandanswers.controller.QuestionsAndAnswersControllerTest" name="updateQuestionSuccessTest"/>
  <testcase time="0.025" classname="org.jtalks.jcommune.plugin.questionsandanswers.controller.QuestionsAndAnswersControllerTest" name="updateQuestionValidationErrorsTest"/>
  <testcase time="0.005" classname="org.jtalks.jcommune.plugin.questionsandanswers.QuestionsAndAnswersPluginTest" name="applyConfigurationShouldThrowRuntimeExceptionIfPassedEmptyProperties"/>
  <testcase time="0.007" classname="org.jtalks.jcommune.plugin.questionsandanswers.QuestionsAndAnswersPluginTest" name="configurationWithIncorrectParameterShouldThrowUnexpectedErrorException"/>
  <testcase time="0" classname="org.jtalks.jcommune.plugin.questionsandanswers.QuestionsAndAnswersPluginTest" name="configurationWithIncorrectParameterTypeShouldThrowUnexpectedErrorException"/>
  <testcase time="0" classname="org.jtalks.jcommune.plugin.questionsandanswers.QuestionsAndAnswersPluginTest" name="configurationWithIncorrectParametersNumberShouldThrowUnexpectedErrorException"/>
  <testcase time="0.055" classname="org.jtalks.jcommune.plugin.questionsandanswers.QuestionsAndAnswersPluginTest" name="defaultConfigurationShouldBeAppliedIfConfigureWithNullOrderValue"/>
  <testcase time="0.002" classname="org.jtalks.jcommune.plugin.questionsandanswers.QuestionsAndAnswersPluginTest" name="getBranchPermissionByMaskShouldReturnCorrectPermission"/>
  <testcase time="0" classname="org.jtalks.jcommune.plugin.questionsandanswers.QuestionsAndAnswersPluginTest" name="getBranchPermissionByMaskShouldReturnNullIfPermissionNotFound"/>
  <testcase time="0" classname="org.jtalks.jcommune.plugin.questionsandanswers.QuestionsAndAnswersPluginTest" name="getBranchPermissionByNameShouldReturnCorrectPermission"/>
  <testcase time="0" classname="org.jtalks.jcommune.plugin.questionsandanswers.QuestionsAndAnswersPluginTest" name="getBranchPermissionByNameShouldReturnNullIfPermissionNotFound"/>
  <testcase time="0" classname="org.jtalks.jcommune.plugin.questionsandanswers.QuestionsAndAnswersPluginTest" name="getTopicTypeTest"/>
  <testcase time="0" classname="org.jtalks.jcommune.plugin.questionsandanswers.QuestionsAndAnswersPluginTest" name="supportsJCommuneVersionShouldReturnTrue"/>
  <testcase time="0.001" classname="org.jtalks.jcommune.plugin.questionsandanswers.QuestionsAndAnswersPluginTest" name="testApplyConfiguration"/>
  <testcase time="0.005" classname="org.jtalks.jcommune.plugin.questionsandanswers.QuestionsAndAnswersPluginTest" name="testConfigure"/>
  <testcase time="0" classname="org.jtalks.jcommune.plugin.questionsandanswers.QuestionsAndAnswersPluginTest" name="testCreateTopicPermission"/>
  <testcase time="0.005" classname="org.jtalks.jcommune.plugin.questionsandanswers.QuestionsAndAnswersPluginTest" name="testGetBranchPermissions"/>
  <testcase time="0.001" classname="org.jtalks.jcommune.plugin.questionsandanswers.QuestionsAndAnswersPluginTest" name="testGetCreateTopicBtnDto"/>
  <testcase time="0" classname="org.jtalks.jcommune.plugin.questionsandanswers.QuestionsAndAnswersPluginTest" name="testGetDefaultConfiguration"/>
  <testcase time="0.001" classname="org.jtalks.jcommune.plugin.questionsandanswers.QuestionsAndAnswersPluginTest" name="translateLabelWithExistingTranslation"/>
  <testcase time="0" classname="org.jtalks.jcommune.plugin.questionsandanswers.QuestionsAndAnswersPluginTest" name="translateLabelWithoutExistingTranslation"/>
  <testcase time="0" classname="org.jtalks.jcommune.plugin.questionsandanswers.QuestionsPluginPermissionTest" name="findByMaskShouldReturnCorrectPermission"/>
  <testcase time="0" classname="org.jtalks.jcommune.plugin.questionsandanswers.QuestionsPluginPermissionTest" name="findByMaskShouldReturnNullIfPermissionNotFound"/>
  <testcase time="0" classname="org.jtalks.jcommune.plugin.questionsandanswers.QuestionsPluginPermissionTest" name="getPatternShouldReturnNull"/>
  <testcase time="0" classname="org.jtalks.jcommune.plugin.questionsandanswers.QuestionsPluginPermissionTest" name="testGetName"/>
  <testcase time="0" classname="org.jtalks.jcommune.plugin.questionsandanswers.QuestionsPluginPermissionTest" name="testNoIdenticalConstants"/>
</testsuite>