<?xml version="1.0" encoding="UTF-8"?>
<!-- Generated by org.testng.reporters.JUnitXMLReporter -->
<testsuite hostname="DESKTOP-8CBSCDJ" name="Command line test" tests="73" failures="0" timestamp="21 Mar 2017 16:34:00 GMT" time="1.203" errors="0">
  <testcase name="questionSubscribersFilterShouldLeaveOnlyPostAuthorInIfPostSubscribersFilters" time="0.104" classname="org.jtalks.jcommune.plugin.questionsandanswers.QuestionSubscribersFilterTest"/>
  <testcase name="questionSubscribersFilterShouldNotChangeRecepientsIfBranchSubscribersFilters" time="0.001" classname="org.jtalks.jcommune.plugin.questionsandanswers.QuestionSubscribersFilterTest"/>
  <testcase name="questionSubscribersFilterShouldNotChangeRecepientsIfPostFomTopicWithOtherType" time="0.0" classname="org.jtalks.jcommune.plugin.questionsandanswers.QuestionSubscribersFilterTest"/>
  <testcase name="questionSubscribersFilterShouldNotChangeRecepientsIfTopicSubscribersFilters" time="0.0" classname="org.jtalks.jcommune.plugin.questionsandanswers.QuestionSubscribersFilterTest"/>
  <testcase name="addCommentShouldReturnFailResponseIfPostNotFound" time="0.003" classname="org.jtalks.jcommune.plugin.questionsandanswers.controller.QuestionsAndAnswersControllerTest"/>
  <testcase name="addCommentShouldReturnFailResponseIfValidationErrorOccurred" time="0.001" classname="org.jtalks.jcommune.plugin.questionsandanswers.controller.QuestionsAndAnswersControllerTest"/>
  <testcase name="canPostShouldReturnFailResponseIfLimitOfAnswersNotReached" time="0.002" classname="org.jtalks.jcommune.plugin.questionsandanswers.controller.QuestionsAndAnswersControllerTest"/>
  <testcase name="canPostShouldReturnSuccessResponseIfLimitOfAnswersNotReached" time="0.001" classname="org.jtalks.jcommune.plugin.questionsandanswers.controller.QuestionsAndAnswersControllerTest"/>
  <testcase name="canPostShouldThrowExceptionIfTopicNotFound" time="0.001" classname="org.jtalks.jcommune.plugin.questionsandanswers.controller.QuestionsAndAnswersControllerTest"/>
  <testcase name="closeQuestionShouldThrowExceptionWhenQuestionNotFound" time="0.001" classname="org.jtalks.jcommune.plugin.questionsandanswers.controller.QuestionsAndAnswersControllerTest"/>
  <testcase name="createAnswerMustReturnDraft_ifValidationFails" time="0.211" classname="org.jtalks.jcommune.plugin.questionsandanswers.controller.QuestionsAndAnswersControllerTest"/>
  <testcase name="createAnswerPageShouldThrowExceptionWhenTopicNotFound" time="0.001" classname="org.jtalks.jcommune.plugin.questionsandanswers.controller.QuestionsAndAnswersControllerTest"/>
  <testcase name="createAnswerShouldRedirectBackIfValidationFails" time="0.015" classname="org.jtalks.jcommune.plugin.questionsandanswers.controller.QuestionsAndAnswersControllerTest"/>
  <testcase name="createAnswerShouldUpdateAnswerIfValidationSuccess" time="0.006" classname="org.jtalks.jcommune.plugin.questionsandanswers.controller.QuestionsAndAnswersControllerTest"/>
  <testcase name="createQuestionShouldThrowExceptionIfBranchNotFound" time="0.012" classname="org.jtalks.jcommune.plugin.questionsandanswers.controller.QuestionsAndAnswersControllerTest"/>
  <testcase name="createQuestionSuccessTest" time="0.031" classname="org.jtalks.jcommune.plugin.questionsandanswers.controller.QuestionsAndAnswersControllerTest"/>
  <testcase name="createQuestionValidationErrorsTest" time="0.009" classname="org.jtalks.jcommune.plugin.questionsandanswers.controller.QuestionsAndAnswersControllerTest"/>
  <testcase name="deleteAnswerPageShouldRedirectToNeighborAnswer" time="0.012" classname="org.jtalks.jcommune.plugin.questionsandanswers.controller.QuestionsAndAnswersControllerTest"/>
  <testcase name="deleteAnswerPageShouldThrowExceptionWhenTopicNotFound" time="0.001" classname="org.jtalks.jcommune.plugin.questionsandanswers.controller.QuestionsAndAnswersControllerTest"/>
  <testcase name="editAnswerPageShouldRenderThePageIfAnswerIdIsCorrect" time="0.019" classname="org.jtalks.jcommune.plugin.questionsandanswers.controller.QuestionsAndAnswersControllerTest"/>
  <testcase name="editAnswerPageShouldThrowExceptionWhenAnswerNotFound" time="0.001" classname="org.jtalks.jcommune.plugin.questionsandanswers.controller.QuestionsAndAnswersControllerTest"/>
  <testcase name="editCommentShouldReturnFailResponseIfPostNotFound" time="0.002" classname="org.jtalks.jcommune.plugin.questionsandanswers.controller.QuestionsAndAnswersControllerTest"/>
  <testcase name="editCommentShouldReturnFailResponseIfValidationErrorOccurred" time="0.0" classname="org.jtalks.jcommune.plugin.questionsandanswers.controller.QuestionsAndAnswersControllerTest"/>
  <testcase name="editQuestionPageShouldThrowExceptionIfQuestionNotFound" time="0.0" classname="org.jtalks.jcommune.plugin.questionsandanswers.controller.QuestionsAndAnswersControllerTest"/>
  <testcase name="editQuestionPageSuccessTest" time="0.01" classname="org.jtalks.jcommune.plugin.questionsandanswers.controller.QuestionsAndAnswersControllerTest"/>
  <testcase name="getIconShouldSetNotFoundStatusForIncorrectIconName" time="0.038" classname="org.jtalks.jcommune.plugin.questionsandanswers.controller.QuestionsAndAnswersControllerTest"/>
  <testcase name="getIconShouldSetNotModifiedStatusIfRequestHaveIfModifiedSinceHeader" time="0.002" classname="org.jtalks.jcommune.plugin.questionsandanswers.controller.QuestionsAndAnswersControllerTest"/>
  <testcase name="openQuestionShouldThrowExceptionWhenQuestionNotFound" time="0.001" classname="org.jtalks.jcommune.plugin.questionsandanswers.controller.QuestionsAndAnswersControllerTest"/>
  <testcase name="shouldBeImpossibleToAddAnswerIfAnswersLimitReached" time="0.007" classname="org.jtalks.jcommune.plugin.questionsandanswers.controller.QuestionsAndAnswersControllerTest"/>
  <testcase name="shouldBeImpossibleToAddCommentIfCommentsLimitReached" time="0.002" classname="org.jtalks.jcommune.plugin.questionsandanswers.controller.QuestionsAndAnswersControllerTest"/>
  <testcase name="showNewQuestionPageShouldThrowExceptionIfBranchNotFound" time="0.016" classname="org.jtalks.jcommune.plugin.questionsandanswers.controller.QuestionsAndAnswersControllerTest"/>
  <testcase name="showNewQuestionPageTest" time="0.009" classname="org.jtalks.jcommune.plugin.questionsandanswers.controller.QuestionsAndAnswersControllerTest"/>
  <testcase name="showQuestionShouldThrowExceptionIfQuestionNotFound" time="0.001" classname="org.jtalks.jcommune.plugin.questionsandanswers.controller.QuestionsAndAnswersControllerTest"/>
  <testcase name="showQuestionShouldThrowExceptionIfUserRestrictedToViewTopicsInBranch" time="0.002" classname="org.jtalks.jcommune.plugin.questionsandanswers.controller.QuestionsAndAnswersControllerTest"/>
  <testcase name="showQuestionSuccessTest" time="0.006" classname="org.jtalks.jcommune.plugin.questionsandanswers.controller.QuestionsAndAnswersControllerTest"/>
  <testcase name="testAddCommentSuccess" time="0.002" classname="org.jtalks.jcommune.plugin.questionsandanswers.controller.QuestionsAndAnswersControllerTest"/>
  <testcase name="testCloseQuestionSuccess" time="0.001" classname="org.jtalks.jcommune.plugin.questionsandanswers.controller.QuestionsAndAnswersControllerTest"/>
  <testcase name="testDeleteCommentShouldReturnFailResponseIfCommentNotFound" time="0.001" classname="org.jtalks.jcommune.plugin.questionsandanswers.controller.QuestionsAndAnswersControllerTest"/>
  <testcase name="testDeleteCommentShouldReturnFailResponseIfPostNotFound" time="0.001" classname="org.jtalks.jcommune.plugin.questionsandanswers.controller.QuestionsAndAnswersControllerTest"/>
  <testcase name="testDeleteCommentSuccess" time="0.001" classname="org.jtalks.jcommune.plugin.questionsandanswers.controller.QuestionsAndAnswersControllerTest"/>
  <testcase name="testEditCommentSuccess" time="0.001" classname="org.jtalks.jcommune.plugin.questionsandanswers.controller.QuestionsAndAnswersControllerTest"/>
  <testcase name="testGetIcon" time="0.028" classname="org.jtalks.jcommune.plugin.questionsandanswers.controller.QuestionsAndAnswersControllerTest"/>
  <testcase name="testOpenQuestionSuccess" time="0.0" classname="org.jtalks.jcommune.plugin.questionsandanswers.controller.QuestionsAndAnswersControllerTest"/>
  <testcase name="updateAnswerPageShouldThrowExceptionWhenAnswerNotFound" time="0.001" classname="org.jtalks.jcommune.plugin.questionsandanswers.controller.QuestionsAndAnswersControllerTest"/>
  <testcase name="updateAnswerShouldRedirectBackIfValidationFails" time="0.016" classname="org.jtalks.jcommune.plugin.questionsandanswers.controller.QuestionsAndAnswersControllerTest"/>
  <testcase name="updateAnswerShouldUpdateAnswerIfValidationSuccess" time="0.002" classname="org.jtalks.jcommune.plugin.questionsandanswers.controller.QuestionsAndAnswersControllerTest"/>
  <testcase name="updateQuestionShouldThrowExceptionIfQuestionNotFound" time="0.001" classname="org.jtalks.jcommune.plugin.questionsandanswers.controller.QuestionsAndAnswersControllerTest"/>
  <testcase name="updateQuestionSuccessTest" time="0.003" classname="org.jtalks.jcommune.plugin.questionsandanswers.controller.QuestionsAndAnswersControllerTest"/>
  <testcase name="updateQuestionValidationErrorsTest" time="0.024" classname="org.jtalks.jcommune.plugin.questionsandanswers.controller.QuestionsAndAnswersControllerTest"/>
  <testcase name="applyConfigurationShouldThrowRuntimeExceptionIfPassedEmptyProperties" time="0.005" classname="org.jtalks.jcommune.plugin.questionsandanswers.QuestionsAndAnswersPluginTest"/>
  <testcase name="configurationWithIncorrectParameterShouldThrowUnexpectedErrorException" time="0.008" classname="org.jtalks.jcommune.plugin.questionsandanswers.QuestionsAndAnswersPluginTest"/>
  <testcase name="configurationWithIncorrectParameterTypeShouldThrowUnexpectedErrorException" time="0.0" classname="org.jtalks.jcommune.plugin.questionsandanswers.QuestionsAndAnswersPluginTest"/>
  <testcase name="configurationWithIncorrectParametersNumberShouldThrowUnexpectedErrorException" time="0.001" classname="org.jtalks.jcommune.plugin.questionsandanswers.QuestionsAndAnswersPluginTest"/>
  <testcase name="defaultConfigurationShouldBeAppliedIfConfigureWithNullOrderValue" time="0.055" classname="org.jtalks.jcommune.plugin.questionsandanswers.QuestionsAndAnswersPluginTest"/>
  <testcase name="getBranchPermissionByMaskShouldReturnCorrectPermission" time="0.002" classname="org.jtalks.jcommune.plugin.questionsandanswers.QuestionsAndAnswersPluginTest"/>
  <testcase name="getBranchPermissionByMaskShouldReturnNullIfPermissionNotFound" time="0.001" classname="org.jtalks.jcommune.plugin.questionsandanswers.QuestionsAndAnswersPluginTest"/>
  <testcase name="getBranchPermissionByNameShouldReturnCorrectPermission" time="0.0" classname="org.jtalks.jcommune.plugin.questionsandanswers.QuestionsAndAnswersPluginTest"/>
  <testcase name="getBranchPermissionByNameShouldReturnNullIfPermissionNotFound" time="0.0" classname="org.jtalks.jcommune.plugin.questionsandanswers.QuestionsAndAnswersPluginTest"/>
  <testcase name="getTopicTypeTest" time="0.0" classname="org.jtalks.jcommune.plugin.questionsandanswers.QuestionsAndAnswersPluginTest"/>
  <testcase name="supportsJCommuneVersionShouldReturnTrue" time="0.0" classname="org.jtalks.jcommune.plugin.questionsandanswers.QuestionsAndAnswersPluginTest"/>
  <testcase name="testApplyConfiguration" time="0.0" classname="org.jtalks.jcommune.plugin.questionsandanswers.QuestionsAndAnswersPluginTest"/>
  <testcase name="testConfigure" time="0.004" classname="org.jtalks.jcommune.plugin.questionsandanswers.QuestionsAndAnswersPluginTest"/>
  <testcase name="testCreateTopicPermission" time="0.0" classname="org.jtalks.jcommune.plugin.questionsandanswers.QuestionsAndAnswersPluginTest"/>
  <testcase name="testGetBranchPermissions" time="0.005" classname="org.jtalks.jcommune.plugin.questionsandanswers.QuestionsAndAnswersPluginTest"/>
  <testcase name="testGetCreateTopicBtnDto" time="0.001" classname="org.jtalks.jcommune.plugin.questionsandanswers.QuestionsAndAnswersPluginTest"/>
  <testcase name="testGetDefaultConfiguration" time="0.0" classname="org.jtalks.jcommune.plugin.questionsandanswers.QuestionsAndAnswersPluginTest"/>
  <testcase name="translateLabelWithExistingTranslation" time="0.001" classname="org.jtalks.jcommune.plugin.questionsandanswers.QuestionsAndAnswersPluginTest"/>
  <testcase name="translateLabelWithoutExistingTranslation" time="0.0" classname="org.jtalks.jcommune.plugin.questionsandanswers.QuestionsAndAnswersPluginTest"/>
  <testcase name="findByMaskShouldReturnCorrectPermission" time="0.001" classname="org.jtalks.jcommune.plugin.questionsandanswers.QuestionsPluginPermissionTest"/>
  <testcase name="findByMaskShouldReturnNullIfPermissionNotFound" time="0.0" classname="org.jtalks.jcommune.plugin.questionsandanswers.QuestionsPluginPermissionTest"/>
  <testcase name="getPatternShouldReturnNull" time="0.0" classname="org.jtalks.jcommune.plugin.questionsandanswers.QuestionsPluginPermissionTest"/>
  <testcase name="testGetName" time="0.0" classname="org.jtalks.jcommune.plugin.questionsandanswers.QuestionsPluginPermissionTest"/>
  <testcase name="testNoIdenticalConstants" time="0.0" classname="org.jtalks.jcommune.plugin.questionsandanswers.QuestionsPluginPermissionTest"/>
</testsuite>
