<?xml version="1.0" encoding="UTF-8"?>
<!-- Generated by org.testng.reporters.JUnitXMLReporter -->
<testsuite hostname="DESKTOP-8CBSCDJ" name="Command line test" tests="27" failures="0" timestamp="21 Mar 2017 16:33:49 GMT" time="2.323" errors="0">
  <testcase name="authenticateShouldThrowNoConnectionExceptionIfPoulpeUnavailable" time="0.021" classname="org.jtalks.jcommune.plugin.auth.poulpe.PoulpeAuthPluginTest"/>
  <testcase name="authenticateShouldThrowUnexpectedErrorExceptionIfSomeErrorOccurred" time="0.002" classname="org.jtalks.jcommune.plugin.auth.poulpe.PoulpeAuthPluginTest"/>
  <testcase name="pluginWithIncorrectParametersShouldNotBeConfigured" time="0.003" classname="org.jtalks.jcommune.plugin.auth.poulpe.PoulpeAuthPluginTest"/>
  <testcase name="pluginWithIncorrectParametersShouldThrowException" time="0.001" classname="org.jtalks.jcommune.plugin.auth.poulpe.PoulpeAuthPluginTest"/>
  <testcase name="pluginWithIncorrectUrlShouldNotBeConfigured" time="0.001" classname="org.jtalks.jcommune.plugin.auth.poulpe.PoulpeAuthPluginTest"/>
  <testcase name="pluginWithIncorrectUrlShouldThrowException" time="0.0" classname="org.jtalks.jcommune.plugin.auth.poulpe.PoulpeAuthPluginTest"/>
  <testcase name="registerUserShouldThrowNoConnectionExceptionIfPoulpeUnavailable" time="0.002" classname="org.jtalks.jcommune.plugin.auth.poulpe.PoulpeAuthPluginTest"/>
  <testcase name="registerUserShouldThrowUnexpectedErrorExceptionIfSomeErrorOccurred" time="0.001" classname="org.jtalks.jcommune.plugin.auth.poulpe.PoulpeAuthPluginTest"/>
  <testcase name="testConfigure" time="0.0" classname="org.jtalks.jcommune.plugin.auth.poulpe.PoulpeAuthPluginTest"/>
  <testcase name="translateLabelWithExistingTranslation" time="0.003" classname="org.jtalks.jcommune.plugin.auth.poulpe.PoulpeAuthPluginTest"/>
  <testcase name="translateLabelWithoutExistingTranslation" time="0.001" classname="org.jtalks.jcommune.plugin.auth.poulpe.PoulpeAuthPluginTest"/>
  <testcase name="userShouldNotBeAuthenticatedIfSomeErrorOccurred" time="0.001" classname="org.jtalks.jcommune.plugin.auth.poulpe.PoulpeAuthPluginTest"/>
  <testcase name="userShouldNotBeRegisteredIfSomeErrorOccurred" time="0.001" classname="org.jtalks.jcommune.plugin.auth.poulpe.PoulpeAuthPluginTest"/>
  <testcase name="userWithCorrectParametersShouldBeAuthenticated" time="0.0" classname="org.jtalks.jcommune.plugin.auth.poulpe.PoulpeAuthPluginTest"/>
  <testcase name="userWithCorrectParametersShouldBeRegistered" time="0.0" classname="org.jtalks.jcommune.plugin.auth.poulpe.PoulpeAuthPluginTest"/>
  <testcase name="testSendAuthRequestWithInvalidCredentialsShouldFail" time="0.483" classname="org.jtalks.jcommune.plugin.auth.poulpe.service.PoulpeAuthServiceIntegrationTest"/>
  <testcase name="testSendAuthRequestWithValidCredentialsShouldBeSuccessful" time="0.006" classname="org.jtalks.jcommune.plugin.auth.poulpe.service.PoulpeAuthServiceIntegrationTest"/>
  <testcase name="testSendRegistrationRequestShouldBeSuccessful" time="0.814" classname="org.jtalks.jcommune.plugin.auth.poulpe.service.PoulpeAuthServiceIntegrationTest"/>
  <testcase name="testSendRegistrationRequestWithBadResponseShouldFail" time="0.007" classname="org.jtalks.jcommune.plugin.auth.poulpe.service.PoulpeAuthServiceIntegrationTest"/>
  <testcase name="testSendRegistrationRequestWithValidationErrorResponseShouldFail" time="0.007" classname="org.jtalks.jcommune.plugin.auth.poulpe.service.PoulpeAuthServiceIntegrationTest"/>
  <testcase name="testAuthUserShouldFailIfConnectionErrorOccurred" time="0.014" classname="org.jtalks.jcommune.plugin.auth.poulpe.service.PoulpeAuthServiceTest"/>
  <testcase name="testAuthUserWithCorrectCredentialsShouldBeSuccessful" time="0.072" classname="org.jtalks.jcommune.plugin.auth.poulpe.service.PoulpeAuthServiceTest"/>
  <testcase name="testAuthUserWithInvalidCredentialsShouldFail" time="0.001" classname="org.jtalks.jcommune.plugin.auth.poulpe.service.PoulpeAuthServiceTest"/>
  <testcase name="testRegisterUserShouldFailIfConnectionErrorOccurred" time="0.002" classname="org.jtalks.jcommune.plugin.auth.poulpe.service.PoulpeAuthServiceTest"/>
  <testcase name="testRegisterUserShouldFailIfInternalServerErrorOccurred" time="0.0" classname="org.jtalks.jcommune.plugin.auth.poulpe.service.PoulpeAuthServiceTest"/>
  <testcase name="testRegisterUserWithCorrectParametersShouldBeSuccessful" time="0.0" classname="org.jtalks.jcommune.plugin.auth.poulpe.service.PoulpeAuthServiceTest"/>
  <testcase name="testRegisterUserWithInvalidCredentialsShouldFail" time="0.007" classname="org.jtalks.jcommune.plugin.auth.poulpe.service.PoulpeAuthServiceTest"/>
</testsuite>
