<?xml version="1.0" encoding="UTF-8" ?>
<testsuite failures="0" time="3.461" errors="0" skipped="0" tests="27" name="TestSuite">
  <properties>
[...]
</properties>
  <testcase time="0.02" classname="org.jtalks.jcommune.plugin.auth.poulpe.PoulpeAuthPluginTest" name="authenticateShouldThrowNoConnectionExceptionIfPoulpeUnavailable"/>
  <testcase time="0.001" classname="org.jtalks.jcommune.plugin.auth.poulpe.PoulpeAuthPluginTest" name="authenticateShouldThrowUnexpectedErrorExceptionIfSomeErrorOccurred"/>
  <testcase time="0.003" classname="org.jtalks.jcommune.plugin.auth.poulpe.PoulpeAuthPluginTest" name="pluginWithIncorrectParametersShouldNotBeConfigured"/>
  <testcase time="0.001" classname="org.jtalks.jcommune.plugin.auth.poulpe.PoulpeAuthPluginTest" name="pluginWithIncorrectParametersShouldThrowException"/>
  <testcase time="0.001" classname="org.jtalks.jcommune.plugin.auth.poulpe.PoulpeAuthPluginTest" name="pluginWithIncorrectUrlShouldNotBeConfigured"/>
  <testcase time="0" classname="org.jtalks.jcommune.plugin.auth.poulpe.PoulpeAuthPluginTest" name="pluginWithIncorrectUrlShouldThrowException"/>
  <testcase time="0.002" classname="org.jtalks.jcommune.plugin.auth.poulpe.PoulpeAuthPluginTest" name="registerUserShouldThrowNoConnectionExceptionIfPoulpeUnavailable"/>
  <testcase time="0.001" classname="org.jtalks.jcommune.plugin.auth.poulpe.PoulpeAuthPluginTest" name="registerUserShouldThrowUnexpectedErrorExceptionIfSomeErrorOccurred"/>
  <testcase time="0.001" classname="org.jtalks.jcommune.plugin.auth.poulpe.PoulpeAuthPluginTest" name="testConfigure"/>
  <testcase time="0.003" classname="org.jtalks.jcommune.plugin.auth.poulpe.PoulpeAuthPluginTest" name="translateLabelWithExistingTranslation"/>
  <testcase time="0" classname="org.jtalks.jcommune.plugin.auth.poulpe.PoulpeAuthPluginTest" name="translateLabelWithoutExistingTranslation"/>
  <testcase time="0.001" classname="org.jtalks.jcommune.plugin.auth.poulpe.PoulpeAuthPluginTest" name="userShouldNotBeAuthenticatedIfSomeErrorOccurred"/>
  <testcase time="0.001" classname="org.jtalks.jcommune.plugin.auth.poulpe.PoulpeAuthPluginTest" name="userShouldNotBeRegisteredIfSomeErrorOccurred"/>
  <testcase time="0" classname="org.jtalks.jcommune.plugin.auth.poulpe.PoulpeAuthPluginTest" name="userWithCorrectParametersShouldBeAuthenticated"/>
  <testcase time="0" classname="org.jtalks.jcommune.plugin.auth.poulpe.PoulpeAuthPluginTest" name="userWithCorrectParametersShouldBeRegistered"/>
  <testcase time="0.483" classname="org.jtalks.jcommune.plugin.auth.poulpe.service.PoulpeAuthServiceIntegrationTest" name="testSendAuthRequestWithInvalidCredentialsShouldFail"/>
  <testcase time="0.005" classname="org.jtalks.jcommune.plugin.auth.poulpe.service.PoulpeAuthServiceIntegrationTest" name="testSendAuthRequestWithValidCredentialsShouldBeSuccessful"/>
  <testcase time="0.814" classname="org.jtalks.jcommune.plugin.auth.poulpe.service.PoulpeAuthServiceIntegrationTest" name="testSendRegistrationRequestShouldBeSuccessful"/>
  <testcase time="0.006" classname="org.jtalks.jcommune.plugin.auth.poulpe.service.PoulpeAuthServiceIntegrationTest" name="testSendRegistrationRequestWithBadResponseShouldFail"/>
  <testcase time="0.007" classname="org.jtalks.jcommune.plugin.auth.poulpe.service.PoulpeAuthServiceIntegrationTest" name="testSendRegistrationRequestWithValidationErrorResponseShouldFail"/>
  <testcase time="0.013" classname="org.jtalks.jcommune.plugin.auth.poulpe.service.PoulpeAuthServiceTest" name="testAuthUserShouldFailIfConnectionErrorOccurred"/>
  <testcase time="0.072" classname="org.jtalks.jcommune.plugin.auth.poulpe.service.PoulpeAuthServiceTest" name="testAuthUserWithCorrectCredentialsShouldBeSuccessful"/>
  <testcase time="0.001" classname="org.jtalks.jcommune.plugin.auth.poulpe.service.PoulpeAuthServiceTest" name="testAuthUserWithInvalidCredentialsShouldFail"/>
  <testcase time="0.002" classname="org.jtalks.jcommune.plugin.auth.poulpe.service.PoulpeAuthServiceTest" name="testRegisterUserShouldFailIfConnectionErrorOccurred"/>
  <testcase time="0" classname="org.jtalks.jcommune.plugin.auth.poulpe.service.PoulpeAuthServiceTest" name="testRegisterUserShouldFailIfInternalServerErrorOccurred"/>
  <testcase time="0" classname="org.jtalks.jcommune.plugin.auth.poulpe.service.PoulpeAuthServiceTest" name="testRegisterUserWithCorrectParametersShouldBeSuccessful"/>
  <testcase time="0.007" classname="org.jtalks.jcommune.plugin.auth.poulpe.service.PoulpeAuthServiceTest" name="testRegisterUserWithInvalidCredentialsShouldFail"/>
</testsuite>