<?xml version="1.0" encoding="UTF-8"?>
<testng-results skipped="0" failed="0" total="15" passed="15">
  <reporter-output>
  </reporter-output>
  <suite name="Command line suite" duration-ms="626" started-at="2017-03-21T19:33:54Z" finished-at="2017-03-21T19:33:54Z">
    <groups>
    </groups>
    <test name="Command line test" duration-ms="626" started-at="2017-03-21T19:33:54Z" finished-at="2017-03-21T19:33:54Z">
      <class name="org.jtalks.jcommune.plugin.kaptcha.KaptchaPluginServiceTest">
        <test-method status="PASS" signature="setUp()[pri:0, instance:org.jtalks.jcommune.plugin.kaptcha.KaptchaPluginServiceTest@1e3aaf6]" name="setUp" is-config="true" duration-ms="249" started-at="2017-03-21T19:33:54Z" finished-at="2017-03-21T19:33:54Z">
        </test-method>
        <test-method status="PASS" signature="testCoincidenceCaptchaWithInputValue()[pri:0, instance:org.jtalks.jcommune.plugin.kaptcha.KaptchaPluginServiceTest@1e3aaf6]" name="testCoincidenceCaptchaWithInputValue" duration-ms="74" started-at="2017-03-21T19:33:54Z" finished-at="2017-03-21T19:33:54Z">
        </test-method>
        <test-method status="PASS" signature="setUp()[pri:0, instance:org.jtalks.jcommune.plugin.kaptcha.KaptchaPluginServiceTest@1e3aaf6]" name="setUp" is-config="true" duration-ms="0" started-at="2017-03-21T19:33:54Z" finished-at="2017-03-21T19:33:54Z">
        </test-method>
        <test-method status="PASS" signature="testGetHtml()[pri:0, instance:org.jtalks.jcommune.plugin.kaptcha.KaptchaPluginServiceTest@1e3aaf6]" name="testGetHtml" duration-ms="142" started-at="2017-03-21T19:33:54Z" finished-at="2017-03-21T19:33:54Z">
        </test-method>
        <test-method status="PASS" signature="setUp()[pri:0, instance:org.jtalks.jcommune.plugin.kaptcha.KaptchaPluginServiceTest@1e3aaf6]" name="setUp" is-config="true" duration-ms="1" started-at="2017-03-21T19:33:54Z" finished-at="2017-03-21T19:33:54Z">
        </test-method>
        <test-method status="PASS" signature="testHandleRequestToCaptchaImage()[pri:0, instance:org.jtalks.jcommune.plugin.kaptcha.KaptchaPluginServiceTest@1e3aaf6]" name="testHandleRequestToCaptchaImage" duration-ms="75" started-at="2017-03-21T19:33:54Z" finished-at="2017-03-21T19:33:54Z">
        </test-method>
        <test-method status="PASS" signature="setUp()[pri:0, instance:org.jtalks.jcommune.plugin.kaptcha.KaptchaPluginServiceTest@1e3aaf6]" name="setUp" is-config="true" duration-ms="0" started-at="2017-03-21T19:33:54Z" finished-at="2017-03-21T19:33:54Z">
        </test-method>
        <test-method status="PASS" signature="testNoCoincidenceCaptchaWithInputValue()[pri:0, instance:org.jtalks.jcommune.plugin.kaptcha.KaptchaPluginServiceTest@1e3aaf6]" name="testNoCoincidenceCaptchaWithInputValue" duration-ms="20" started-at="2017-03-21T19:33:54Z" finished-at="2017-03-21T19:33:54Z">
        </test-method>
        <test-method status="PASS" signature="setUp()[pri:0, instance:org.jtalks.jcommune.plugin.kaptcha.KaptchaPluginServiceTest@1e3aaf6]" name="setUp" is-config="true" duration-ms="1" started-at="2017-03-21T19:33:54Z" finished-at="2017-03-21T19:33:54Z">
        </test-method>
        <test-method status="PASS" signature="testValidateCaptchaWhenImagesInBrowserIsDisabled()[pri:0, instance:org.jtalks.jcommune.plugin.kaptcha.KaptchaPluginServiceTest@1e3aaf6]" name="testValidateCaptchaWhenImagesInBrowserIsDisabled" duration-ms="3" started-at="2017-03-21T19:33:54Z" finished-at="2017-03-21T19:33:54Z">
        </test-method>
      </class>
      <class name="org.jtalks.jcommune.plugin.kaptcha.KaptchaPluginTest">
        <test-method status="PASS" signature="setUp()[pri:0, instance:org.jtalks.jcommune.plugin.kaptcha.KaptchaPluginTest@1ed246d]" name="setUp" is-config="true" duration-ms="18" started-at="2017-03-21T19:33:54Z" finished-at="2017-03-21T19:33:54Z">
        </test-method>
        <test-method status="PASS" signature="applyConfigurationWithCorrectValuesShouldBeSuccessful()[pri:0, instance:org.jtalks.jcommune.plugin.kaptcha.KaptchaPluginTest@1ed246d]" name="applyConfigurationWithCorrectValuesShouldBeSuccessful" duration-ms="7" started-at="2017-03-21T19:33:54Z" finished-at="2017-03-21T19:33:54Z">
        </test-method>
        <test-method status="PASS" signature="applyConfigurationWithInvalidPropertiesShouldBeFailed()[pri:0, instance:org.jtalks.jcommune.plugin.kaptcha.KaptchaPluginTest@1ed246d]" name="applyConfigurationWithInvalidPropertiesShouldBeFailed" duration-ms="3" started-at="2017-03-21T19:33:54Z" finished-at="2017-03-21T19:33:54Z">
          <exception class="org.jtalks.jcommune.plugin.api.exceptions.PluginConfigurationException">
            <message>
              <![CDATA[Can't apply configuration: Width, height, length and possible symbols properties should not be empty.]]>
            </message>
            <full-stacktrace>
              <![CDATA[org.jtalks.jcommune.plugin.api.exceptions.PluginConfigurationException: Can't apply configuration: Width, height, length and possible symbols properties should not be empty.
	at org.jtalks.jcommune.plugin.kaptcha.KaptchaPlugin.applyConfiguration(KaptchaPlugin.java:84)
	at org.jtalks.jcommune.plugin.kaptcha.KaptchaPluginTest.applyConfigurationWithInvalidPropertiesShouldBeFailed(KaptchaPluginTest.java:176)
	at sun.reflect.NativeMethodAccessorImpl.invoke0(Native Method)
	at sun.reflect.NativeMethodAccessorImpl.invoke(NativeMethodAccessorImpl.java:57)
	at sun.reflect.DelegatingMethodAccessorImpl.invoke(DelegatingMethodAccessorImpl.java:43)
	at java.lang.reflect.Method.invoke(Method.java:606)
	at org.testng.internal.MethodInvocationHelper.invokeMethod(MethodInvocationHelper.java:80)
	at org.testng.internal.Invoker.invokeMethod(Invoker.java:691)
	at org.testng.internal.Invoker.invokeTestMethod(Invoker.java:883)
	at org.testng.internal.Invoker.invokeTestMethods(Invoker.java:1208)
	at org.testng.internal.TestMethodWorker.invokeTestMethods(TestMethodWorker.java:127)
	at org.testng.internal.TestMethodWorker.run(TestMethodWorker.java:111)
	at org.testng.TestRunner.privateRun(TestRunner.java:758)
	at org.testng.TestRunner.run(TestRunner.java:613)
	at org.testng.SuiteRunner.runTest(SuiteRunner.java:334)
	at org.testng.SuiteRunner.runSequentially(SuiteRunner.java:329)
	at org.testng.SuiteRunner.privateRun(SuiteRunner.java:291)
	at org.testng.SuiteRunner.run(SuiteRunner.java:240)
	at org.testng.SuiteRunnerWorker.runSuite(SuiteRunnerWorker.java:53)
	at org.testng.SuiteRunnerWorker.run(SuiteRunnerWorker.java:87)
	at org.testng.TestNG.runSuitesSequentially(TestNG.java:1137)
	at org.testng.TestNG.runSuitesLocally(TestNG.java:1062)
	at org.testng.TestNG.run(TestNG.java:974)
	at org.apache.maven.surefire.testng.TestNGExecutor.run(TestNGExecutor.java:70)
	at org.apache.maven.surefire.testng.TestNGDirectoryTestSuite.executeMulti(TestNGDirectoryTestSuite.java:158)
	at org.apache.maven.surefire.testng.TestNGDirectoryTestSuite.execute(TestNGDirectoryTestSuite.java:98)
	at org.apache.maven.surefire.testng.TestNGProvider.invoke(TestNGProvider.java:111)
	at sun.reflect.NativeMethodAccessorImpl.invoke0(Native Method)
	at sun.reflect.NativeMethodAccessorImpl.invoke(NativeMethodAccessorImpl.java:57)
	at sun.reflect.DelegatingMethodAccessorImpl.invoke(DelegatingMethodAccessorImpl.java:43)
	at java.lang.reflect.Method.invoke(Method.java:606)
	at org.apache.maven.surefire.util.ReflectionUtils.invokeMethodWithArray(ReflectionUtils.java:164)
	at org.apache.maven.surefire.booter.ProviderFactory$ProviderProxy.invoke(ProviderFactory.java:110)
	at org.apache.maven.surefire.booter.SurefireStarter.invokeProvider(SurefireStarter.java:175)
	at org.apache.maven.surefire.booter.SurefireStarter.runSuitesInProcessWhenForked(SurefireStarter.java:107)
	at org.apache.maven.surefire.booter.ForkedBooter.main(ForkedBooter.java:68)
]]>
            </full-stacktrace>
          </exception>
        </test-method>
        <test-method status="PASS" signature="setUp()[pri:0, instance:org.jtalks.jcommune.plugin.kaptcha.KaptchaPluginTest@1ed246d]" name="setUp" is-config="true" duration-ms="0" started-at="2017-03-21T19:33:54Z" finished-at="2017-03-21T19:33:54Z">
        </test-method>
        <test-method status="PASS" signature="doActionShouldBeSuccessfulIfCaptchaNotRefreshed()[pri:0, instance:org.jtalks.jcommune.plugin.kaptcha.KaptchaPluginTest@1ed246d]" name="doActionShouldBeSuccessfulIfCaptchaNotRefreshed" duration-ms="13" started-at="2017-03-21T19:33:54Z" finished-at="2017-03-21T19:33:54Z">
        </test-method>
        <test-method status="PASS" signature="setUp()[pri:0, instance:org.jtalks.jcommune.plugin.kaptcha.KaptchaPluginTest@1ed246d]" name="setUp" is-config="true" duration-ms="0" started-at="2017-03-21T19:33:54Z" finished-at="2017-03-21T19:33:54Z">
        </test-method>
        <test-method status="PASS" signature="setUp()[pri:0, instance:org.jtalks.jcommune.plugin.kaptcha.KaptchaPluginTest@1ed246d]" name="setUp" is-config="true" duration-ms="0" started-at="2017-03-21T19:33:54Z" finished-at="2017-03-21T19:33:54Z">
        </test-method>
        <test-method status="PASS" signature="doActionShouldBeSuccessfulIfCaptchaRefreshed()[pri:0, instance:org.jtalks.jcommune.plugin.kaptcha.KaptchaPluginTest@1ed246d]" name="doActionShouldBeSuccessfulIfCaptchaRefreshed" duration-ms="1" started-at="2017-03-21T19:33:54Z" finished-at="2017-03-21T19:33:54Z">
        </test-method>
        <test-method status="PASS" signature="setUp()[pri:0, instance:org.jtalks.jcommune.plugin.kaptcha.KaptchaPluginTest@1ed246d]" name="setUp" is-config="true" duration-ms="0" started-at="2017-03-21T19:33:54Z" finished-at="2017-03-21T19:33:54Z">
        </test-method>
        <test-method status="PASS" signature="testGetDefaultConfiguration()[pri:0, instance:org.jtalks.jcommune.plugin.kaptcha.KaptchaPluginTest@1ed246d]" name="testGetDefaultConfiguration" duration-ms="1" started-at="2017-03-21T19:33:54Z" finished-at="2017-03-21T19:33:54Z">
        </test-method>
        <test-method status="PASS" signature="testGetHtml()[pri:0, instance:org.jtalks.jcommune.plugin.kaptcha.KaptchaPluginTest@1ed246d]" name="testGetHtml" duration-ms="1" started-at="2017-03-21T19:33:54Z" finished-at="2017-03-21T19:33:54Z">
        </test-method>
        <test-method status="PASS" signature="setUp()[pri:0, instance:org.jtalks.jcommune.plugin.kaptcha.KaptchaPluginTest@1ed246d]" name="setUp" is-config="true" duration-ms="0" started-at="2017-03-21T19:33:54Z" finished-at="2017-03-21T19:33:54Z">
        </test-method>
        <test-method status="PASS" signature="setUp()[pri:0, instance:org.jtalks.jcommune.plugin.kaptcha.KaptchaPluginTest@1ed246d]" name="setUp" is-config="true" duration-ms="0" started-at="2017-03-21T19:33:54Z" finished-at="2017-03-21T19:33:54Z">
        </test-method>
        <test-method status="PASS" signature="testRegisterUserIfThereNoValidationErrorsShouldBeSuccessful()[pri:0, instance:org.jtalks.jcommune.plugin.kaptcha.KaptchaPluginTest@1ed246d]" name="testRegisterUserIfThereNoValidationErrorsShouldBeSuccessful" duration-ms="1" started-at="2017-03-21T19:33:54Z" finished-at="2017-03-21T19:33:54Z">
        </test-method>
        <test-method status="PASS" signature="testRegisterUserIfThereWereValidationErrorsShouldReturnErrors()[pri:0, instance:org.jtalks.jcommune.plugin.kaptcha.KaptchaPluginTest@1ed246d]" name="testRegisterUserIfThereWereValidationErrorsShouldReturnErrors" duration-ms="1" started-at="2017-03-21T19:33:54Z" finished-at="2017-03-21T19:33:54Z">
        </test-method>
        <test-method status="PASS" signature="setUp()[pri:0, instance:org.jtalks.jcommune.plugin.kaptcha.KaptchaPluginTest@1ed246d]" name="setUp" is-config="true" duration-ms="0" started-at="2017-03-21T19:33:54Z" finished-at="2017-03-21T19:33:54Z">
        </test-method>
        <test-method status="PASS" signature="testValidateUserIfThereNoValidationErrorsShouldBeSuccessful()[pri:0, instance:org.jtalks.jcommune.plugin.kaptcha.KaptchaPluginTest@1ed246d]" name="testValidateUserIfThereNoValidationErrorsShouldBeSuccessful" duration-ms="1" started-at="2017-03-21T19:33:54Z" finished-at="2017-03-21T19:33:54Z">
        </test-method>
        <test-method status="PASS" signature="setUp()[pri:0, instance:org.jtalks.jcommune.plugin.kaptcha.KaptchaPluginTest@1ed246d]" name="setUp" is-config="true" duration-ms="0" started-at="2017-03-21T19:33:54Z" finished-at="2017-03-21T19:33:54Z">
        </test-method>
        <test-method status="PASS" signature="setUp()[pri:0, instance:org.jtalks.jcommune.plugin.kaptcha.KaptchaPluginTest@1ed246d]" name="setUp" is-config="true" duration-ms="0" started-at="2017-03-21T19:33:54Z" finished-at="2017-03-21T19:33:54Z">
        </test-method>
        <test-method status="PASS" signature="testValidateUserIfThereWereValidationErrorsShouldReturnErrors()[pri:0, instance:org.jtalks.jcommune.plugin.kaptcha.KaptchaPluginTest@1ed246d]" name="testValidateUserIfThereWereValidationErrorsShouldReturnErrors" duration-ms="1" started-at="2017-03-21T19:33:54Z" finished-at="2017-03-21T19:33:54Z">
        </test-method>
      </class>
    </test>
  </suite>
</testng-results>
