<?xml version="1.0" encoding="UTF-8"?>
<!-- Generated by org.testng.reporters.JUnitXMLReporter -->
<testsuite hostname="DESKTOP-8CBSCDJ" name="Command line test" tests="15" failures="0" timestamp="21 Mar 2017 16:33:54 GMT" time="0.626" errors="0">
  <testcase name="testCoincidenceCaptchaWithInputValue" time="0.074" classname="org.jtalks.jcommune.plugin.kaptcha.KaptchaPluginServiceTest"/>
  <testcase name="testGetHtml" time="0.142" classname="org.jtalks.jcommune.plugin.kaptcha.KaptchaPluginServiceTest"/>
  <testcase name="testHandleRequestToCaptchaImage" time="0.075" classname="org.jtalks.jcommune.plugin.kaptcha.KaptchaPluginServiceTest"/>
  <testcase name="testNoCoincidenceCaptchaWithInputValue" time="0.02" classname="org.jtalks.jcommune.plugin.kaptcha.KaptchaPluginServiceTest"/>
  <testcase name="testValidateCaptchaWhenImagesInBrowserIsDisabled" time="0.003" classname="org.jtalks.jcommune.plugin.kaptcha.KaptchaPluginServiceTest"/>
  <testcase name="applyConfigurationWithCorrectValuesShouldBeSuccessful" time="0.007" classname="org.jtalks.jcommune.plugin.kaptcha.KaptchaPluginTest"/>
  <testcase name="applyConfigurationWithInvalidPropertiesShouldBeFailed" time="0.003" classname="org.jtalks.jcommune.plugin.kaptcha.KaptchaPluginTest"/>
  <testcase name="doActionShouldBeSuccessfulIfCaptchaNotRefreshed" time="0.013" classname="org.jtalks.jcommune.plugin.kaptcha.KaptchaPluginTest"/>
  <testcase name="doActionShouldBeSuccessfulIfCaptchaRefreshed" time="0.001" classname="org.jtalks.jcommune.plugin.kaptcha.KaptchaPluginTest"/>
  <testcase name="testGetDefaultConfiguration" time="0.001" classname="org.jtalks.jcommune.plugin.kaptcha.KaptchaPluginTest"/>
  <testcase name="testGetHtml" time="0.001" classname="org.jtalks.jcommune.plugin.kaptcha.KaptchaPluginTest"/>
  <testcase name="testRegisterUserIfThereNoValidationErrorsShouldBeSuccessful" time="0.001" classname="org.jtalks.jcommune.plugin.kaptcha.KaptchaPluginTest"/>
  <testcase name="testRegisterUserIfThereWereValidationErrorsShouldReturnErrors" time="0.001" classname="org.jtalks.jcommune.plugin.kaptcha.KaptchaPluginTest"/>
  <testcase name="testValidateUserIfThereNoValidationErrorsShouldBeSuccessful" time="0.001" classname="org.jtalks.jcommune.plugin.kaptcha.KaptchaPluginTest"/>
  <testcase name="testValidateUserIfThereWereValidationErrorsShouldReturnErrors" time="0.001" classname="org.jtalks.jcommune.plugin.kaptcha.KaptchaPluginTest"/>
</testsuite>
